<?xml version="1.0" encoding="UTF-8"?>
<!-- Generated by org.testng.reporters.JUnitReportReporter -->
<testsuite skipped="0" hostname="HIBAIL56180" name="org.ReporterLog" tests="1" failures="0" timestamp="04 Sep 2017 11:45:27 GMT" time="0.020" errors="0">
  <testcase name="devi" time="0.020" classname="org.ReporterLog"/>
</testsuite> <!-- org.ReporterLog -->
