<?xml version="1.0" encoding="UTF-8"?>
<!-- Generated by org.testng.reporters.JUnitReportReporter -->
<testsuite skipped="0" hostname="HIBAIL56180" name="org.DependsOnGroups1" tests="5" failures="0" timestamp="05 Sep 2017 14:05:26 GMT" time="0.044" errors="0">
  <testcase name="test2" time="0.002" classname="org.DependsOnGroups1"/>
  <testcase name="test1" time="0.025" classname="org.DependsOnGroups1"/>
  <testcase name="test4" time="0.005" classname="org.DependsOnGroups1"/>
  <testcase name="test3" time="0.010" classname="org.DependsOnGroups1"/>
  <testcase name="test5" time="0.002" classname="org.DependsOnGroups1"/>
</testsuite> <!-- org.DependsOnGroups1 -->
