<?xml version="1.0" encoding="UTF-8"?>
<!-- Generated by org.testng.reporters.JUnitReportReporter -->
<testsuite skipped="0" hostname="HIBAIL56180" name="parameters.parameter" tests="1" failures="0" timestamp="09 Sep 2017 15:58:52 GMT" time="0.025" errors="0">
  <testcase name="testpara" time="0.025" classname="parameters.parameter"/>
</testsuite> <!-- parameters.parameter -->
