<?xml version="1.0" encoding="UTF-8"?>
<!-- Generated by org.testng.reporters.JUnitReportReporter -->
<testsuite skipped="0" hostname="HIBAIL56180" name="parameters.parameter2" tests="1" failures="0" timestamp="09 Sep 2017 16:04:48 GMT" time="0.026" errors="0">
  <testcase name="testpara" time="0.026" classname="parameters.parameter2"/>
</testsuite> <!-- parameters.parameter2 -->
