<?xml version="1.0" encoding="UTF-8"?>
<!-- Generated by org.testng.reporters.JUnitReportReporter -->
<testsuite skipped="0" hostname="HIBAIL56180" name="org.childclass" tests="5" failures="0" timestamp="04 Sep 2017 12:34:15 GMT" time="0.021" errors="0">
  <testcase name="test1" time="0.006" classname="org.childclass"/>
  <testcase name="test5" time="0.006" classname="org.childclass"/>
  <testcase name="test2" time="0.003" classname="org.childclass"/>
  <testcase name="test3" time="0.003" classname="org.childclass"/>
  <testcase name="test4" time="0.003" classname="org.childclass"/>
</testsuite> <!-- org.childclass -->
