<?xml version="1.0" encoding="UTF-8"?>
<!-- Generated by org.testng.reporters.JUnitReportReporter -->
<testsuite skipped="0" hostname="HIBAIL56180" name="org.DependsOnGroups" tests="6" failures="0" timestamp="05 Sep 2017 14:05:26 GMT" time="0.021" errors="0">
  <testcase name="test1" time="0.004" classname="org.DependsOnGroups"/>
  <testcase name="test3" time="0.004" classname="org.DependsOnGroups"/>
  <testcase name="test5" time="0.003" classname="org.DependsOnGroups"/>
  <testcase name="test6" time="0.002" classname="org.DependsOnGroups"/>
  <testcase name="test2" time="0.004" classname="org.DependsOnGroups"/>
  <testcase name="test4" time="0.004" classname="org.DependsOnGroups"/>
</testsuite> <!-- org.DependsOnGroups -->
