<?xml version="1.0" encoding="UTF-8"?>
<!-- Generated by org.testng.reporters.JUnitReportReporter -->
<testsuite skipped="0" hostname="HIBAIL56180" name="org.DataProviderWithTheClass" tests="6" failures="0" timestamp="10 Sep 2017 08:12:10 GMT" time="0.062" errors="0">
  <testcase name="test1" time="0.004" classname="org.DataProviderWithTheClass"/>
  <testcase name="test1" time="0.025" classname="org.DataProviderWithTheClass"/>
  <testcase name="test1" time="0.004" classname="org.DataProviderWithTheClass"/>
  <testcase name="createUser" time="0.019" classname="org.DataProviderWithTheClass"/>
  <testcase name="createUser" time="0.006" classname="org.DataProviderWithTheClass"/>
  <testcase name="createUser" time="0.004" classname="org.DataProviderWithTheClass"/>
</testsuite> <!-- org.DataProviderWithTheClass -->
