<?xml version="1.0" encoding="UTF-8"?>
<!-- Generated by org.testng.reporters.JUnitReportReporter -->
<testsuite skipped="0" hostname="HIBAIL56180" name="parameters.parametersuitelevel" tests="1" failures="0" timestamp="09 Sep 2017 16:09:44 GMT" time="0.030" errors="0">
  <testcase name="testpara" time="0.030" classname="parameters.parametersuitelevel"/>
</testsuite> <!-- parameters.parametersuitelevel -->
