<?xml version="1.0" encoding="UTF-8"?>
<!-- Generated by org.testng.reporters.JUnitReportReporter -->
<testsuite skipped="0" hostname="HIBAIL56180" name="org.Groups" tests="6" failures="0" timestamp="05 Sep 2017 13:54:55 GMT" time="0.052" errors="0">
  <testcase name="test6" time="0.001" classname="org.Groups"/>
  <testcase name="test1" time="0.020" classname="org.Groups"/>
  <testcase name="test2" time="0.001" classname="org.Groups"/>
  <testcase name="test4" time="0.010" classname="org.Groups"/>
  <testcase name="test3" time="0.010" classname="org.Groups"/>
  <testcase name="test5" time="0.010" classname="org.Groups"/>
</testsuite> <!-- org.Groups -->
