<?xml version="1.0" encoding="UTF-8"?>
<!-- Generated by org.testng.reporters.JUnitReportReporter -->
<testsuite skipped="0" hostname="HIBAIL56180" name="org.DependsOnMethods" tests="4" failures="0" timestamp="04 Sep 2017 12:34:15 GMT" time="0.043" errors="0">
  <testcase name="test4" time="0.004" classname="org.DependsOnMethods"/>
  <testcase name="test2" time="0.004" classname="org.DependsOnMethods"/>
  <testcase name="test3" time="0.004" classname="org.DependsOnMethods"/>
  <testcase name="test1" time="0.031" classname="org.DependsOnMethods"/>
</testsuite> <!-- org.DependsOnMethods -->
