<?xml version="1.0" encoding="UTF-8"?>
<!-- Generated by org.testng.reporters.JUnitReportReporter -->
<testsuite skipped="0" hostname="HIBAIL56180" name="parameters.parametertestleve" tests="1" failures="0" timestamp="09 Sep 2017 16:09:34 GMT" time="0.037" errors="0">
  <testcase name="testpara" time="0.037" classname="parameters.parametertestleve"/>
</testsuite> <!-- parameters.parametertestleve -->
